<Status>
  <Init/>
</Status>
<Rsp id="105">
  <Capabilities description="Dies ist der VW Standard Application Interface Server. API Level 5" service="VW SAI-Server HIGH" version="5.0" id="54VxWLx6PmYHTJYrtX7Gegb59pdSlRi0">
    <Supports protocol="1.3" interface="true" authenticate="true" heartbeat="true" datTimeStamp="true"/>
  </Capabilities>
</Rsp>

<Rsp id="106">
  <Challenge nonce="/HJ+EwcCzZkrraMBeRUvFg=="/>
</Rsp>

<Rsp id="3"/>

<Rsp id="101"/>
<Dat url="hevacConfiguration">
  <Abs name="numerOfZones" state="nodata"/>
  <Abs name="numberOfRearFanSteps" state="nodata"/>
  <Act name="isRhdVehicle" state="nodata"/>
  <Act name="isRearExternalDisplay" state="nodata"/>
  <Act name="isRearTempAdjustable" state="nodata"/>
</Dat>

