<Status>
  <Init/>
</Status>
<Rsp id="105">
  <Capabilities description="Dies ist der VW Standard Application Interface Server. API Level 5" service="VW SAI-Server HIGH" version="5.0" id="54VxWLx6PmYHTJYrtX7Gegb59pdSlRi0">
    <Supports protocol="1.3" interface="true" authenticate="true" heartbeat="true" datTimeStamp="true"/>
  </Capabilities>
</Rsp>

<Rsp id="106">
  <Challenge nonce="BnRxZhFyoJP3SwOF7GHy1Q=="/>
</Rsp>

<Rsp id="3"/>

<Rsp id="101"/>
<Dat url="Nav_CurrentPosition">
  <Abs name="Longitude" val="18.35033976884721"/>
  <Abs name="Latitude" val="52.09081247803941"/>
  <Abs name="Altitude" val="356"/>
  <Txt name="Country" val="Èesko"/>
  <Txt name="State" val="Hlavní mìsto Praha"/>
  <Txt name="City" val="Praha"/>
  <Txt name="PostalCode" val=""/>
  <Txt name="Street" val="Na "/>
  <Txt name="Housenumber" val=""/>
  <Txt name="Description" val=""/>
</Dat>

