<Status>
  <Init/>
</Status>
<Rsp id="105">
  <Capabilities description="Dies ist der VW Standard Application Interface Server. API Level 5" service="VW SAI-Server HIGH" version="5.0" id="54VxWLx6PmYHTJYrtX7Gegb59pdSlRi0">
    <Supports protocol="1.3" interface="true" authenticate="true" heartbeat="true" datTimeStamp="true"/>
  </Capabilities>
</Rsp>

<Rsp id="106">
  <Challenge nonce="bbiG7rlLo1bKkpRMhmLdOA=="/>
</Rsp>

<Rsp id="3"/>

<Rsp id="101"/>
<Dat url="serviceOil">
  <Abs name="distance" val="5300"/>
  <Abs name="time" val="27"/>
  <Enm name="distanceState" val="service_in"/>
  <Enm name="distanceUnit" val="km"/>
  <Enm name="timeState" val="service_in"/>
</Dat>

